
============= MEMWATCH 2.71 Copyright (C) 1992-1999 Johan Lindh =============

Started at Tue Nov 24 12:22:26 2015

Modes: __STDC__ 64-bit mwDWORD==(unsigned int)
mwROUNDALLOC==8 sizeof(mwData)==56 mwDataSize==56


Stopped at Tue Nov 24 12:22:29 2015


Memory usage statistics (global):
 N)umber of allocations made: 2
 L)argest memory usage      : 1054
 T)otal of all alloc() calls: 1054
 U)nfreed bytes totals      : 0

============= MEMWATCH 2.71 Copyright (C) 1992-1999 Johan Lindh =============

Started at Tue Nov 24 12:52:51 2015

Modes: __STDC__ 64-bit mwDWORD==(unsigned int)
mwROUNDALLOC==8 sizeof(mwData)==56 mwDataSize==56


Stopped at Tue Nov 24 12:52:54 2015


Memory usage statistics (global):
 N)umber of allocations made: 2
 L)argest memory usage      : 1054
 T)otal of all alloc() calls: 1054
 U)nfreed bytes totals      : 0

============= MEMWATCH 2.71 Copyright (C) 1992-1999 Johan Lindh =============

Started at Tue Nov 24 12:53:47 2015

Modes: __STDC__ 64-bit mwDWORD==(unsigned int)
mwROUNDALLOC==8 sizeof(mwData)==56 mwDataSize==56


Stopped at Tue Nov 24 12:53:51 2015


Memory usage statistics (global):
 N)umber of allocations made: 2
 L)argest memory usage      : 1054
 T)otal of all alloc() calls: 1054
 U)nfreed bytes totals      : 0

============= MEMWATCH 2.71 Copyright (C) 1992-1999 Johan Lindh =============

Started at Tue Nov 24 12:55:00 2015

Modes: __STDC__ 64-bit mwDWORD==(unsigned int)
mwROUNDALLOC==8 sizeof(mwData)==56 mwDataSize==56


Stopped at Tue Nov 24 12:55:03 2015


Memory usage statistics (global):
 N)umber of allocations made: 2
 L)argest memory usage      : 1054
 T)otal of all alloc() calls: 1054
 U)nfreed bytes totals      : 0

============= MEMWATCH 2.71 Copyright (C) 1992-1999 Johan Lindh =============

Started at Tue Nov 24 13:14:09 2015

Modes: __STDC__ 64-bit mwDWORD==(unsigned int)
mwROUNDALLOC==8 sizeof(mwData)==56 mwDataSize==56


Stopped at Tue Nov 24 13:14:15 2015


Memory usage statistics (global):
 N)umber of allocations made: 7
 L)argest memory usage      : 11334
 T)otal of all alloc() calls: 11334
 U)nfreed bytes totals      : 0

============= MEMWATCH 2.71 Copyright (C) 1992-1999 Johan Lindh =============

Started at Tue Nov 24 13:15:08 2015

Modes: __STDC__ 64-bit mwDWORD==(unsigned int)
mwROUNDALLOC==8 sizeof(mwData)==56 mwDataSize==56


Stopped at Tue Nov 24 13:15:10 2015


Memory usage statistics (global):
 N)umber of allocations made: 7
 L)argest memory usage      : 11334
 T)otal of all alloc() calls: 11334
 U)nfreed bytes totals      : 0

============= MEMWATCH 2.71 Copyright (C) 1992-1999 Johan Lindh =============

Started at Tue Nov 24 13:18:11 2015

Modes: __STDC__ 64-bit mwDWORD==(unsigned int)
mwROUNDALLOC==8 sizeof(mwData)==56 mwDataSize==56


Stopped at Tue Nov 24 13:18:12 2015


Memory usage statistics (global):
 N)umber of allocations made: 7
 L)argest memory usage      : 11334
 T)otal of all alloc() calls: 11334
 U)nfreed bytes totals      : 0

============= MEMWATCH 2.71 Copyright (C) 1992-1999 Johan Lindh =============

Started at Tue Nov 24 13:18:31 2015

Modes: __STDC__ 64-bit mwDWORD==(unsigned int)
mwROUNDALLOC==8 sizeof(mwData)==56 mwDataSize==56


Stopped at Tue Nov 24 13:18:33 2015


Memory usage statistics (global):
 N)umber of allocations made: 7
 L)argest memory usage      : 11334
 T)otal of all alloc() calls: 11334
 U)nfreed bytes totals      : 0

============= MEMWATCH 2.71 Copyright (C) 1992-1999 Johan Lindh =============

Started at Tue Nov 24 13:19:37 2015

Modes: __STDC__ 64-bit mwDWORD==(unsigned int)
mwROUNDALLOC==8 sizeof(mwData)==56 mwDataSize==56


Stopped at Tue Nov 24 13:19:47 2015


Memory usage statistics (global):
 N)umber of allocations made: 7
 L)argest memory usage      : 11334
 T)otal of all alloc() calls: 11334
 U)nfreed bytes totals      : 0

============= MEMWATCH 2.71 Copyright (C) 1992-1999 Johan Lindh =============

Started at Tue Nov 24 13:20:14 2015

Modes: __STDC__ 64-bit mwDWORD==(unsigned int)
mwROUNDALLOC==8 sizeof(mwData)==56 mwDataSize==56


Stopped at Tue Nov 24 13:20:16 2015


Memory usage statistics (global):
 N)umber of allocations made: 7
 L)argest memory usage      : 11334
 T)otal of all alloc() calls: 11334
 U)nfreed bytes totals      : 0

============= MEMWATCH 2.71 Copyright (C) 1992-1999 Johan Lindh =============

Started at Tue Nov 24 13:33:05 2015

Modes: __STDC__ 64-bit mwDWORD==(unsigned int)
mwROUNDALLOC==8 sizeof(mwData)==56 mwDataSize==56

NULL free: <2> src/clientNanny.c(120), NULL pointer free'd
NULL free: <3> src/clientNanny.c(121), NULL pointer free'd
NULL free: <4> src/clientNanny.c(122), NULL pointer free'd
NULL free: <5> src/clientNanny.c(123), NULL pointer free'd
NULL free: <6> src/clientNanny.c(126), NULL pointer free'd
NULL free: <7> src/clientNanny.c(127), NULL pointer free'd

Stopped at Tue Nov 24 13:33:06 2015

unfreed: <1> src/procnannyClient.c(39), 4 bytes at 0x2206350  	{78 79 7A 00 .. .. .. .. .. .. .. .. .. .. .. .. xyz.}

Memory usage statistics (global):
 N)umber of allocations made: 1
 L)argest memory usage      : 4
 T)otal of all alloc() calls: 4
 U)nfreed bytes totals      : 4

============= MEMWATCH 2.71 Copyright (C) 1992-1999 Johan Lindh =============

Started at Tue Nov 24 13:21:00 2015

Modes: __STDC__ 64-bit mwDWORD==(unsigned int)
mwROUNDALLOC==8 sizeof(mwData)==56 mwDataSize==56


Stopped at Tue Nov 24 13:43:54 2015


Memory usage statistics (global):
 N)umber of allocations made: 12
 L)argest memory usage      : 11334
 T)otal of all alloc() calls: 21614
 U)nfreed bytes totals      : 0
